Arguments: 
  /usr/local/bin/node /usr/local/bin/yarn

PATH: 
  /usr/local/share/npm/bin:/Users/anderson/bin:/usr/local/bin:/Users/anderson/Library/Android/sdk/platform-tools:/Users/anderson/Library/Android/sdk/tools:/Applications/flutter/bin:/usr/local/bin:/usr/bin:/bin:/usr/sbin:/sbin:/Library/Frameworks/Mono.framework/Versions/Current/Commands:/usr/local/share/npm/bin:/Users/anderson/bin:/Users/anderson/Library/Android/sdk/platform-tools:/Users/anderson/Library/Android/sdk/tools:/Applications/flutter/bin

Yarn version: 
  1.16.0

Node version: 
  10.15.1

Platform: 
  darwin x64

Trace: 
  SyntaxError: /Users/anderson/Sites/virtualcase/bless.club/server/package.json: Unexpected token } in JSON at position 880
      at JSON.parse (<anonymous>)
      at /usr/local/lib/node_modules/yarn/lib/cli.js:1625:59
      at Generator.next (<anonymous>)
      at step (/usr/local/lib/node_modules/yarn/lib/cli.js:304:30)
      at /usr/local/lib/node_modules/yarn/lib/cli.js:315:13

npm manifest: 
  {
      "name": "bless-backend",
      "version": "1.0.0",
      "description": "An app demonstrating simple Restful API implementation",
      "main": "index.js",
      "scripts": {
          "start": "node index.js",
          "e2e": "repo-tools test deploy",
          "test": "repo-tools test app",
          "cover": "nyc --cache npm test; nyc report --reporter=html"
      },
      "keywords": [
          "api",
          "restful",
          "json"
      ],
      "author": "Anderson Miranda",
      "license": "ISC",
      "dependencies": {
          "bluebird": "^3.5.4",
          "body-parser": "^1.18.3",
          "dotenv": "^8.0.0",
          "express": "^4.16.3",
          "moment": "^2.24.0",
          "mongoose": "^5.1.7"
      },
      "devDependencies": {
          "eslint": "3.16.1",
          "eslint-config-airbnb-base": "7.1.0",
          "eslint-plugin-import": "1.16.0",
          "eslint-watch": "2.1.14",
      }
  }

yarn manifest: 
  No manifest

Lockfile: 
  No lockfile
